<?xml version="1.0" encoding="UTF-8"?>
<!-- Generated by org.testng.reporters.JUnitXMLReporter -->
<testsuite ignored="0" hostname="DESKTOP-E23CG37" failures="0" tests="3" name="Default test" time="11.066" errors="0" timestamp="2024-01-16T18:04:47 IST">
  <testcase classname="automation.TestAutomationFramework.test.LoginTest" name="toTestLoginWithValidUsernameAndPassword" time="5.899"/>
  <testcase classname="automation.TestAutomationFramework.test.LoginTest" name="toTestLoginWithInValidUsernameAndPassword" time="2.895"/>
  <testcase classname="automation.TestAutomationFramework.test.LoginTest" name="toTestLoginByClickingSubmitButton" time="2.228"/>
</testsuite> <!-- Default test -->
