<?xml version="1.0" encoding="UTF-8"?>
<testng-results ignored="0" total="3" passed="3" failed="0" skipped="0">
  <reporter-output>
  </reporter-output>
  <suite started-at="2024-01-16T18:04:36 IST" name="Default suite" finished-at="2024-01-16T18:04:47 IST" duration-ms="11066">
    <groups>
    </groups>
    <test started-at="2024-01-16T18:04:36 IST" name="Default test" finished-at="2024-01-16T18:04:47 IST" duration-ms="11066">
      <class name="automation.TestAutomationFramework.test.LoginTest">
        <test-method is-config="true" signature="setUp()[pri:0, instance:automation.TestAutomationFramework.test.LoginTest@57af006c]" started-at="2024-01-16T18:04:33 IST" name="setUp" finished-at="2024-01-16T18:04:36 IST" duration-ms="2953" status="PASS">
          <reporter-output>
          </reporter-output>
        </test-method> <!-- setUp -->
        <test-method signature="toTestLoginWithValidUsernameAndPassword()[pri:1, instance:automation.TestAutomationFramework.test.LoginTest@57af006c]" started-at="2024-01-16T18:04:36 IST" name="toTestLoginWithValidUsernameAndPassword" finished-at="2024-01-16T18:04:42 IST" duration-ms="5899" status="PASS">
          <reporter-output>
          </reporter-output>
        </test-method> <!-- toTestLoginWithValidUsernameAndPassword -->
        <test-method signature="toTestLoginWithInValidUsernameAndPassword()[pri:2, instance:automation.TestAutomationFramework.test.LoginTest@57af006c]" started-at="2024-01-16T18:04:42 IST" name="toTestLoginWithInValidUsernameAndPassword" finished-at="2024-01-16T18:04:45 IST" duration-ms="2895" status="PASS">
          <reporter-output>
          </reporter-output>
        </test-method> <!-- toTestLoginWithInValidUsernameAndPassword -->
        <test-method signature="toTestLoginByClickingSubmitButton()[pri:3, instance:automation.TestAutomationFramework.test.LoginTest@57af006c]" started-at="2024-01-16T18:04:45 IST" name="toTestLoginByClickingSubmitButton" finished-at="2024-01-16T18:04:47 IST" duration-ms="2228" status="PASS">
          <reporter-output>
          </reporter-output>
        </test-method> <!-- toTestLoginByClickingSubmitButton -->
        <test-method is-config="true" signature="destroyDriver()[pri:0, instance:automation.TestAutomationFramework.test.LoginTest@57af006c]" started-at="2024-01-16T18:04:47 IST" name="destroyDriver" finished-at="2024-01-16T18:04:47 IST" duration-ms="0" status="PASS">
          <reporter-output>
          </reporter-output>
        </test-method> <!-- destroyDriver -->
      </class> <!-- automation.TestAutomationFramework.test.LoginTest -->
    </test> <!-- Default test -->
  </suite> <!-- Default suite -->
</testng-results>
